[    0.000000] Initializing cgroup subsys cpuset
[    0.000000] Initializing cgroup subsys cpu
[    0.000000] Initializing cgroup subsys cpuacct
[    0.000000] Linux version 4.4.0-210-generic (buildd@lgw01-amd64-009) (gcc version 5.4.0 20160609 (Ubuntu 5.4.0-6ubuntu1~16.04.12) ) #242-Ubuntu SMP Fri Apr 16 09:57:56 UTC 2021 (Ubuntu 4.4.0-210.242-generic 4.4.262)
[    0.000000] Command line: BOOT_IMAGE=/boot/vmlinuz-4.4.0-210-generic root=LABEL=cloudimg-rootfs ro console=tty1 console=ttyS0
[    0.000000] KERNEL supported cpus:
[    0.000000]   Intel GenuineIntel
[    0.000000]   AMD AuthenticAMD
[    0.000000]   Centaur CentaurHauls
[    0.000000] x86/fpu: Legacy x87 FPU detected.
[    0.000000] e820: BIOS-provided physical RAM map:
[    0.000000] BIOS-e820: [mem 0x0000000000000000-0x000000000009fbff] usable
[    0.000000] BIOS-e820: [mem 0x000000000009fc00-0x000000000009ffff] reserved
[    0.000000] BIOS-e820: [mem 0x00000000000f0000-0x00000000000fffff] reserved
[    0.000000] BIOS-e820: [mem 0x0000000000100000-0x000000003ffeffff] usable
[    0.000000] BIOS-e820: [mem 0x000000003fff0000-0x000000003fffffff] ACPI data
[    0.000000] BIOS-e820: [mem 0x00000000fec00000-0x00000000fec00fff] reserved
[    0.000000] BIOS-e820: [mem 0x00000000fee00000-0x00000000fee00fff] reserved
[    0.000000] BIOS-e820: [mem 0x00000000fffc0000-0x00000000ffffffff] reserved
[    0.000000] NX (Execute Disable) protection: active
[    0.000000] SMBIOS 2.5 present.
[    0.000000] Hypervisor detected: KVM
[    0.000000] Kernel/User page tables isolation: disabled
[    0.000000] e820: last_pfn = 0x3fff0 max_arch_pfn = 0x400000000
[    0.000000] MTRR: Disabled
[    0.000000] x86/PAT: MTRRs disabled, skipping PAT initialization too.
[    0.000000] CPU MTRRs all blank - virtualized system.
[    0.000000] x86/PAT: Configuration [0-7]: WB  WT  UC- UC  WB  WT  UC- UC  
[    0.000000] found SMP MP-table at [mem 0x0009fff0-0x0009ffff] mapped at [ffff88000009fff0]
[    0.000000] Scanning 1 areas for low memory corruption
[    0.000000] RAMDISK: [mem 0x362dc000-0x37165fff]
[    0.000000] ACPI: Early table checksum verification disabled
[    0.000000] ACPI: RSDP 0x00000000000E0000 000024 (v02 VBOX  )
[    0.000000] ACPI: XSDT 0x000000003FFF0030 00003C (v01 VBOX   VBOXXSDT 00000001 ASL  00000061)
[    0.000000] ACPI: FACP 0x000000003FFF00F0 0000F4 (v04 VBOX   VBOXFACP 00000001 ASL  00000061)
[    0.000000] ACPI: DSDT 0x000000003FFF0470 002325 (v02 VBOX   VBOXBIOS 00000002 INTL 20100528)
[    0.000000] ACPI: FACS 0x000000003FFF0200 000040
[    0.000000] ACPI: FACS 0x000000003FFF0200 000040
[    0.000000] ACPI: APIC 0x000000003FFF0240 00005C (v02 VBOX   VBOXAPIC 00000001 ASL  00000061)
[    0.000000] ACPI: SSDT 0x000000003FFF02A0 0001CC (v01 VBOX   VBOXCPUT 00000002 INTL 20100528)
[    0.000000] No NUMA configuration found
[    0.000000] Faking a node at [mem 0x0000000000000000-0x000000003ffeffff]
[    0.000000] NODE_DATA(0) allocated [mem 0x3ffeb000-0x3ffeffff]
[    0.000000] kvm-clock: Using msrs 4b564d01 and 4b564d00
[    0.000000] kvm-clock: cpu 0, msr 0:3ffe3001, primary cpu clock
[    0.000000] kvm-clock: using sched offset of 6305019929 cycles
[    0.000000] clocksource: kvm-clock: mask: 0xffffffffffffffff max_cycles: 0x1cd42e4dffb, max_idle_ns: 881590591483 ns
[    0.000000] Zone ranges:
[    0.000000]   DMA      [mem 0x0000000000001000-0x0000000000ffffff]
[    0.000000]   DMA32    [mem 0x0000000001000000-0x000000003ffeffff]
[    0.000000]   Normal   empty
[    0.000000]   Device   empty
[    0.000000] Movable zone start for each node
[    0.000000] Early memory node ranges
[    0.000000]   node   0: [mem 0x0000000000001000-0x000000000009efff]
[    0.000000]   node   0: [mem 0x0000000000100000-0x000000003ffeffff]
[    0.000000] Initmem setup node 0 [mem 0x0000000000001000-0x000000003ffeffff]
[    0.000000] ACPI: PM-Timer IO Port: 0x4008
[    0.000000] IOAPIC[0]: apic_id 2, version 32, address 0xfec00000, GSI 0-23
[    0.000000] ACPI: INT_SRC_OVR (bus 0 bus_irq 0 global_irq 2 dfl dfl)
[    0.000000] ACPI: INT_SRC_OVR (bus 0 bus_irq 9 global_irq 9 low level)
[    0.000000] Using ACPI (MADT) for SMP configuration information
[    0.000000] smpboot: Allowing 2 CPUs, 0 hotplug CPUs
[    0.000000] PM: Registered nosave memory: [mem 0x00000000-0x00000fff]
[    0.000000] PM: Registered nosave memory: [mem 0x0009f000-0x0009ffff]
[    0.000000] PM: Registered nosave memory: [mem 0x000a0000-0x000effff]
[    0.000000] PM: Registered nosave memory: [mem 0x000f0000-0x000fffff]
[    0.000000] e820: [mem 0x40000000-0xfebfffff] available for PCI devices
[    0.000000] Booting paravirtualized kernel on KVM
[    0.000000] clocksource: refined-jiffies: mask: 0xffffffff max_cycles: 0xffffffff, max_idle_ns: 7645519600211568 ns
[    0.000000] setup_percpu: NR_CPUS:512 nr_cpumask_bits:512 nr_cpu_ids:2 nr_node_ids:1
[    0.000000] PERCPU: Embedded 33 pages/cpu @ffff88003fc00000 s95192 r8192 d31784 u1048576
[    0.000000] Built 1 zonelists in Node order, mobility grouping on.  Total pages: 257912
[    0.000000] Policy zone: DMA32
[    0.000000] Kernel command line: BOOT_IMAGE=/boot/vmlinuz-4.4.0-210-generic root=LABEL=cloudimg-rootfs ro console=tty1 console=ttyS0
[    0.000000] PID hash table entries: 4096 (order: 3, 32768 bytes)
[    0.000000] Memory: 997792K/1048120K available (8644K kernel code, 1332K rwdata, 4044K rodata, 1492K init, 1164K bss, 50328K reserved, 0K cma-reserved)
[    0.000000] SLUB: HWalign=64, Order=0-3, MinObjects=0, CPUs=2, Nodes=1
[    0.000000] Hierarchical RCU implementation.
[    0.000000] 	Build-time adjustment of leaf fanout to 64.
[    0.000000] 	RCU restricting CPUs from NR_CPUS=512 to nr_cpu_ids=2.
[    0.000000] RCU: Adjusting geometry for rcu_fanout_leaf=64, nr_cpu_ids=2
[    0.000000] NR_IRQS:33024 nr_irqs:440 16
[    0.000000] Console: colour VGA+ 80x25
[    0.000000] console [tty1] enabled
[    0.000000] console [ttyS0] enabled
[    0.000000] tsc: Detected 3110.408 MHz processor
[    2.171761] Calibrating delay loop (skipped) preset value.. 6220.81 BogoMIPS (lpj=12441632)
[    2.217899] pid_max: default: 32768 minimum: 301
[    2.243400] ACPI: Core revision 20150930
[    2.268627] ACPI: 2 ACPI AML tables successfully acquired and loaded
[    2.301352] Security Framework initialized
[    2.319693] Yama: becoming mindful.
[    2.334109] AppArmor: AppArmor initialized
[    2.352875] Dentry cache hash table entries: 131072 (order: 8, 1048576 bytes)
[    2.407936] Inode-cache hash table entries: 65536 (order: 7, 524288 bytes)
[    2.451050] Mount-cache hash table entries: 2048 (order: 2, 16384 bytes)
[    2.489601] Mountpoint-cache hash table entries: 2048 (order: 2, 16384 bytes)
[    2.537875] Initializing cgroup subsys io
[    2.563600] Initializing cgroup subsys memory
[    2.590637] Initializing cgroup subsys devices
[    2.616850] Initializing cgroup subsys freezer
[    2.640316] Initializing cgroup subsys net_cls
[    2.663221] Initializing cgroup subsys perf_event
[    2.687951] Initializing cgroup subsys net_prio
[    2.715484] Initializing cgroup subsys hugetlb
[    2.737326] Initializing cgroup subsys pids
[    2.764711] mce: CPU supports 0 MCE banks
[    2.790607] Last level iTLB entries: 4KB 0, 2MB 0, 4MB 0
[    2.821970] Last level dTLB entries: 4KB 0, 2MB 0, 4MB 0, 1GB 0
[    2.852104] Spectre V1 : Mitigation: usercopy/swapgs barriers and __user pointer sanitization
[    2.896187] Spectre V2 : Mitigation: Enhanced IBRS
[    2.923698] Spectre V2 : Spectre v2 / SpectreRSB mitigation: Filling RSB on context switch
[    2.969906] Speculative Store Bypass: Vulnerable
[    3.148850] Freeing SMP alternatives memory: 36K
[    3.503457] ftrace: allocating 32380 entries in 127 pages
[    5.624750] smpboot: APIC(0) Converting physical 0 to logical package 0
[    5.663897] smpboot: Max logical packages: 1
[    5.732034] ..TIMER: vector=0x30 apic1=0 pin1=2 apic2=-1 pin2=-1
[    5.865658] APIC calibration not consistent with PM-Timer: 115ms instead of 100ms
[    5.900195] APIC delta adjusted to PM-Timer: 6448494 (7438286)
[    5.926406] smpboot: CPU0: 12th Gen Intel(R) Core(TM) i5-12500H (family: 0x6, model: 0x9a, stepping: 0x3)
[    5.967717] Performance Events: unsupported p6 CPU model 154 no PMU driver, software events only.
[    6.336418] KVM setup paravirtual spinlock
[    6.359936] x86: Booting SMP configuration:
[    6.375559] .... node  #0, CPUs:      #1
[    6.397714] kvm-clock: cpu 1, msr 0:3ffe3041, secondary cpu clock
[    6.419221] mce: CPU supports 0 MCE banks
[    6.459717] TSC synchronization [CPU#0 -> CPU#1]:
[    6.474142] Measured 351621 cycles TSC warp between CPUs, turning off TSC clock.
[    6.495077] tsc: Marking TSC unstable due to check_tsc_sync_source failed
[    6.524299] x86: Booted up 1 node, 2 CPUs
[    6.536619] smpboot: Total of 2 processors activated (12441.63 BogoMIPS)
[    1.336544] devtmpfs: initialized
[    1.344000] evm: security.selinux
[    1.344000] evm: security.SMACK64
[    1.344000] evm: security.SMACK64EXEC
[    1.344024] evm: security.SMACK64TRANSMUTE
[    1.348008] evm: security.SMACK64MMAP
[    1.356019] evm: security.ima
[    1.360013] evm: security.capability
[    1.368425] clocksource: jiffies: mask: 0xffffffff max_cycles: 0xffffffff, max_idle_ns: 7645041785100000 ns
[    1.372041] futex hash table entries: 512 (order: 3, 32768 bytes)
[    1.380421] pinctrl core: initialized pinctrl subsystem
[    1.385183] RTC time: 14:44:27, date: 02/09/23
[    1.394367] NET: Registered protocol family 16
[    1.408030] cpuidle: using governor ladder
[    1.424045] cpuidle: using governor menu
[    1.432046] PCCT header not found.
[    1.436230] ACPI: bus type PCI registered
[    1.440011] acpiphp: ACPI Hot Plug PCI Controller Driver version: 0.5
[    1.445595] PCI: Using configuration type 1 for base access
[    1.496737] ACPI: Added _OSI(Module Device)
[    1.500017] ACPI: Added _OSI(Processor Device)
[    1.504012] ACPI: Added _OSI(3.0 _SCP Extensions)
[    1.508013] ACPI: Added _OSI(Processor Aggregator Device)
[    1.516956] ACPI: Executed 1 blocks of module-level executable AML code
[    1.538524] ACPI: Interpreter enabled
[    1.540045] ACPI: (supports S0 S5)
[    1.544008] ACPI: Using IOAPIC for interrupt routing
[    1.549113] PCI: Using host bridge windows from ACPI; if necessary, use "pci=nocrs" and report a bug
[    1.568000] ACPI: PCI Root Bridge [PCI0] (domain 0000 [bus 00-ff])
[    1.568029] acpi PNP0A03:00: _OSC: OS supports [ASPM ClockPM Segments MSI]
[    1.574157] acpi PNP0A03:00: _OSC: not requesting OS control; OS requires [ExtendedConfig ASPM ClockPM MSI]
[    1.576043] acpi PNP0A03:00: fail to add MMCONFIG information, can't access extended PCI configuration space under this bridge.
[    1.584247] PCI host bridge to bus 0000:00
[    1.588013] pci_bus 0000:00: root bus resource [io  0x0000-0x0cf7 window]
[    1.592014] pci_bus 0000:00: root bus resource [io  0x0d00-0xffff window]
[    1.596019] pci_bus 0000:00: root bus resource [mem 0x000a0000-0x000bffff window]
[    1.600017] pci_bus 0000:00: root bus resource [mem 0x40000000-0xfdffffff window]
[    1.604016] pci_bus 0000:00: root bus resource [bus 00-ff]
[    1.633374] pci 0000:00:01.1: legacy IDE quirk: reg 0x10: [io  0x01f0-0x01f7]
[    1.636035] pci 0000:00:01.1: legacy IDE quirk: reg 0x14: [io  0x03f6]
[    1.640020] pci 0000:00:01.1: legacy IDE quirk: reg 0x18: [io  0x0170-0x0177]
[    1.644016] pci 0000:00:01.1: legacy IDE quirk: reg 0x1c: [io  0x0376]
[    1.712243] pci 0000:00:07.0: quirk: [io  0x4000-0x403f] claimed by PIIX4 ACPI
[    1.716230] pci 0000:00:07.0: quirk: [io  0x4100-0x410f] claimed by PIIX4 SMB
[    1.773171] ACPI: PCI Interrupt Link [LNKA] (IRQs 5 9 10 *11)
[    1.793461] ACPI: PCI Interrupt Link [LNKB] (IRQs 5 9 *10 11)
[    1.816046] ACPI: PCI Interrupt Link [LNKC] (IRQs 5 *9 10 11)
[    1.836699] ACPI: PCI Interrupt Link [LNKD] (IRQs 5 9 10 *11)
[    1.852935] ACPI: Enabled 2 GPEs in block 00 to 07
[    1.860763] vgaarb: setting as boot device: PCI:0000:00:02.0
[    1.864000] vgaarb: device added: PCI:0000:00:02.0,decodes=io+mem,owns=io+mem,locks=none
[    1.864020] vgaarb: loaded
[    1.868012] vgaarb: bridge control possible 0000:00:02.0
[    1.873229] SCSI subsystem initialized
[    1.876724] ACPI: bus type USB registered
[    1.880072] usbcore: registered new interface driver usbfs
[    1.884146] usbcore: registered new interface driver hub
[    1.892168] usbcore: registered new device driver usb
[    1.901022] PCI: Using ACPI for IRQ routing
[    1.910698] NetLabel: Initializing
[    1.912012] NetLabel:  domain hash size = 128
[    1.916010] NetLabel:  protocols = UNLABELED CIPSOv4
[    1.920310] NetLabel:  unlabeled traffic allowed by default
[    1.928183] amd_nb: Cannot enumerate AMD northbridges
[    1.936776] clocksource: Switched to clocksource kvm-clock
[    1.990551] AppArmor: AppArmor Filesystem Enabled
[    1.990551] pnp: PnP ACPI init
[    1.990551] pnp: PnP ACPI: found 3 devices
[    2.261579] clocksource: acpi_pm: mask: 0xffffff max_cycles: 0xffffff, max_idle_ns: 2085701024 ns
[    2.264406] NET: Registered protocol family 2
[    2.312698] TCP established hash table entries: 8192 (order: 4, 65536 bytes)
[    2.338974] TCP bind hash table entries: 8192 (order: 5, 131072 bytes)
[    2.360990] TCP: Hash tables configured (established 8192 bind 8192)
[    2.383719] UDP hash table entries: 512 (order: 2, 16384 bytes)
[    2.400477] UDP-Lite hash table entries: 512 (order: 2, 16384 bytes)
[    2.421877] NET: Registered protocol family 1
[    2.425353] pci 0000:00:00.0: Limiting direct PCI/PCI transfers
[    2.425353] pci 0000:00:01.0: Activating ISA DMA hang workarounds
[    2.425353] Unpacking initramfs...
[    3.591056] Freeing initrd memory: 14888K
[    3.607757] clocksource: tsc: mask: 0xffffffffffffffff max_cycles: 0x2cd5af99e3f, max_idle_ns: 440795294775 ns
[    3.647563] platform rtc_cmos: registered platform RTC device (no PNP device found)
[    3.674686] Scanning for low memory corruption every 60 seconds
[    3.701870] audit: initializing netlink subsys (disabled)
[    3.721237] audit: type=2000 audit(1675953872.746:1): initialized
[    3.745760] Initialise system trusted keyring
[    3.777859] HugeTLB registered 2 MB page size, pre-allocated 0 pages
[    3.805073] zbud: loaded
[    3.825709] VFS: Disk quotas dquot_6.6.0
[    3.843788] VFS: Dquot-cache hash table entries: 512 (order 0, 4096 bytes)
[    3.874425] squashfs: version 4.0 (2009/01/31) Phillip Lougher
[    3.901787] fuse init (API version 7.23)
[    3.918677] Key type big_key registered
[    3.921980] Allocating IMA MOK and blacklist keyrings.
[    4.002200] Key type asymmetric registered
[    4.022074] Asymmetric key parser 'x509' registered
[    4.042039] Block layer SCSI generic (bsg) driver version 0.4 loaded (major 249)
[    4.077435] io scheduler noop registered
[    4.095724] io scheduler deadline registered (default)
[    4.099243] io scheduler cfq registered
[    4.129629] pci_hotplug: PCI Hot Plug PCI Core version: 0.5
[    4.151525] pciehp: PCI Express Hot Plug Controller Driver version: 0.4
[    4.175469] ACPI: AC Adapter [AC] (off-line)
[    4.193462] input: Power Button as /devices/LNXSYSTM:00/LNXPWRBN:00/input/input0
[    4.222761] ACPI: Power Button [PWRF]
[    4.239793] input: Sleep Button as /devices/LNXSYSTM:00/LNXSLPBN:00/input/input1
[    4.267085] ACPI: Sleep Button [SLPF]
[    4.285427] GHES: HEST is not enabled!
[    4.290214] ACPI: Battery Slot [BAT0] (battery present)
[    4.322807] Serial: 8250/16550 driver, 32 ports, IRQ sharing enabled
[    4.388500] 00:02: ttyS0 at I/O 0x3f8 (irq = 4, base_baud = 115200) is a 16550A
[    4.478895] Linux agpgart interface v0.103
[    4.538322] loop: module loaded
[    4.559166] scsi host0: ata_piix
[    4.571598] scsi host1: ata_piix
[    4.575460] ata1: PATA max UDMA/33 cmd 0x1f0 ctl 0x3f6 bmdma 0xd000 irq 14
[    4.575460] ata2: PATA max UDMA/33 cmd 0x170 ctl 0x376 bmdma 0xd008 irq 15
[    4.631521] libphy: Fixed MDIO Bus: probed
[    4.643415] tun: Universal TUN/TAP device driver, 1.6
[    4.659781] tun: (C) 1999-2004 Max Krasnyansky <maxk@qualcomm.com>
[    4.684867] PPP generic driver version 2.4.2
[    4.702272] ehci_hcd: USB 2.0 'Enhanced' Host Controller (EHCI) Driver
[    4.727452] ehci-pci: EHCI PCI platform driver
[    4.744691] ehci-platform: EHCI generic platform driver
[    4.761227] ohci_hcd: USB 1.1 'Open' Host Controller (OHCI) Driver
[    4.780156] ohci-pci: OHCI PCI platform driver
[    4.792206] ohci-platform: OHCI generic platform driver
[    4.807928] uhci_hcd: USB Universal Host Controller Interface driver
[    4.826858] i8042: PNP: PS/2 Controller [PNP0303:PS2K,PNP0f03:PS2M] at 0x60,0x64 irq 1,12
[    4.863509] serio: i8042 KBD port at 0x60,0x64 irq 1
[    4.876667] serio: i8042 AUX port at 0x60,0x64 irq 12
[    4.930424] mousedev: PS/2 mouse device common for all mice
[    4.963547] rtc_cmos rtc_cmos: rtc core: registered rtc_cmos as rtc0
[    4.997921] rtc_cmos rtc_cmos: alarms up to one day, 114 bytes nvram
[    5.021392] i2c /dev entries driver
[    5.035001] device-mapper: uevent: version 1.0.3
[    5.054557] device-mapper: ioctl: 4.34.0-ioctl (2015-10-28) initialised: dm-devel@redhat.com
[    5.107401] ledtrig-cpu: registered to indicate activity on CPUs
[    5.138105] input: AT Translated Set 2 keyboard as /devices/platform/i8042/serio0/input/input2
[    5.158654] NET: Registered protocol family 10
[    5.169768] NET: Registered protocol family 17
[    5.180058] Key type dns_resolver registered
[    5.189937] registered taskstats version 1
[    5.199109] Loading compiled-in X.509 certificates
[    5.209985] Loaded X.509 cert 'Build time autogenerated kernel key: cf00e047681d67edb2720680708b7d9498083038'
[    5.229208] zswap: loaded using pool lzo/zbud
[    5.245407] Key type trusted registered
[    5.267660] Key type encrypted registered
[    5.276066] AppArmor: AppArmor sha1 policy hashing enabled
[    5.287311] ima: No TPM chip found, activating TPM-bypass!
[    5.300209] ima: Allocated hash algorithm: sha1
[    5.309735] evm: HMAC attrs: 0x1
[    5.320593]   Magic number: 11:818:737
[    5.329529] rtc_cmos rtc_cmos: setting system clock to 2023-02-09 14:44:32 UTC (1675953872)
[    5.347356] BIOS EDD facility v0.16 2004-Jun-25, 0 devices found
[    5.361462] EDD information not available.
[    5.375598] Freeing unused kernel memory: 1492K
[    5.409958] Write protecting the kernel read-only data: 14336k
[    5.425730] Freeing unused kernel memory: 1584K
[    5.435427] Freeing unused kernel memory: 52K
Loading, please wait...
starting version 229
[    5.490261] random: systemd-udevd: uninitialized urandom read (16 bytes read, 7 bits of entropy available)
[    5.490452] random: udevadm: uninitialized urandom read (16 bytes read, 7 bits of entropy available)
[    5.490469] random: udevadm: uninitialized urandom read (16 bytes read, 7 bits of entropy available)
[    5.508082] random: udevadm: uninitialized urandom read (16 bytes read, 7 bits of entropy available)
[    5.508155] random: udevadm: uninitialized urandom read (16 bytes read, 7 bits of entropy available)
[    5.508584] random: udevadm: uninitialized urandom read (16 bytes read, 7 bits of entropy available)
[    5.508645] random: udevadm: uninitialized urandom read (16 bytes read, 7 bits of entropy available)
[    5.508700] random: udevadm: uninitialized urandom read (16 bytes read, 7 bits of entropy available)
[    5.508823] random: udevadm: uninitialized urandom read (16 bytes read, 7 bits of entropy available)
[    5.508915] random: udevadm: uninitialized urandom read (16 bytes read, 7 bits of entropy available)
[    5.740766] e1000: Intel(R) PRO/1000 Network Driver - version 7.3.21-k8-NAPI
[    5.744163] e1000: Copyright (c) 1999-2006 Intel Corporation.
[    5.773506] Fusion MPT base driver 3.04.20
[    5.780533] Copyright (c) 1999-2008 LSI Corporation
[    5.802040] Fusion MPT SPI Host driver 3.04.20
[    7.255630] e1000 0000:00:03.0 eth0: (PCI:33MHz:32-bit) 02:be:82:6b:cc:1d
[    7.283022] e1000 0000:00:03.0 eth0: Intel(R) PRO/1000 Network Connection
[    8.048916] input: ImExPS/2 Generic Explorer Mouse as /devices/platform/i8042/serio1/input/input4
[    9.045483] e1000 0000:00:08.0 eth1: (PCI:33MHz:32-bit) 08:00:27:41:8e:91
[    9.066543] e1000 0000:00:08.0 eth1: Intel(R) PRO/1000 Network Connection
[    9.098383] e1000 0000:00:03.0 enp0s3: renamed from eth0
[    9.118111] mptbase: ioc0: Initiating bringup
[    9.146113] e1000 0000:00:08.0 enp0s8: renamed from eth1
[    9.232042] ioc0: LSI53C1030 A0: Capabilities={Initiator}
[    9.865706] scsi host2: ioc0: LSI53C1030 A0, FwRev=00000000h, Ports=1, MaxQ=256, IRQ=20
[   10.076613] scsi 2:0:0:0: Direct-Access     VBOX     HARDDISK         1.0  PQ: 0 ANSI: 5
[   10.092018] scsi target2:0:0: Beginning Domain Validation
[   10.112767] scsi target2:0:0: Domain Validation skipping write tests
[   10.121907] scsi target2:0:0: Ending Domain Validation
[   10.129421] scsi target2:0:0: asynchronous
[   10.139221] scsi 2:0:1:0: Direct-Access     VBOX     HARDDISK         1.0  PQ: 0 ANSI: 5
[   10.148894] scsi target2:0:1: Beginning Domain Validation
[   10.163971] scsi target2:0:1: Domain Validation skipping write tests
[   10.171388] scsi target2:0:1: Ending Domain Validation
[   10.177840] scsi target2:0:1: asynchronous
[   10.240464] sd 2:0:0:0: [sda] 83886080 512-byte logical blocks: (42.9 GB/40.0 GiB)
[   10.293691] sd 2:0:0:0: Attached scsi generic sg0 type 0
[   10.308587] sd 2:0:1:0: Attached scsi generic sg1 type 0
[   10.324084] sd 2:0:1:0: [sdb] 20480 512-byte logical blocks: (10.5 MB/10.0 MiB)
[   10.324838] sd 2:0:0:0: [sda] Write Protect is off
[   10.325955] sd 2:0:0:0: [sda] Incomplete mode parameter data
[   10.325958] sd 2:0:0:0: [sda] Assuming drive cache: write through
[   10.335569]  sda: sda1
[   10.340024] sd 2:0:0:0: [sda] Attached SCSI disk
[   10.389212] sd 2:0:1:0: [sdb] Write Protect is off
[   10.401144] sd 2:0:1:0: [sdb] Incomplete mode parameter data
[   10.414202] sd 2:0:1:0: [sdb] Assuming drive cache: write through
[   10.455658] sd 2:0:1:0: [sdb] Attached SCSI disk
Begin: Loading essential drivers ... [   12.884722] md: linear personality registered for level -1
[   12.917409] md: multipath personality registered for level -4
[   12.950888] md: raid0 personality registered for level 0
[   13.028916] md: raid1 personality registered for level 1
[   13.132365] raid6: sse2x1   gen()  4505 MB/s
[   13.216848] raid6: sse2x1   xor()  3072 MB/s
[   13.303295] raid6: sse2x2   gen()  6865 MB/s
[   13.380605] raid6: sse2x2   xor()  3764 MB/s
[   13.472340] raid6: sse2x4   gen()  6192 MB/s
[   13.552252] raid6: sse2x4   xor()  3944 MB/s
[   13.567784] raid6: using algorithm sse2x2 gen() 6865 MB/s
[   13.586884] raid6: .... xor() 3764 MB/s, rmw enabled
[   13.603683] raid6: using ssse3x2 recovery algorithm
[   13.632932] xor: measuring software checksum speed
[   13.688475]    prefetch64-sse:  7775.000 MB/sec
[   13.740055]    generic_sse:  7191.000 MB/sec
[   13.756663] xor: using function: prefetch64-sse (7775.000 MB/sec)
[   13.785230] async_tx: api initialized (async)
[   14.002380] md: raid6 personality registered for level 6
[   14.023604] md: raid5 personality registered for level 5
[   14.041701] md: raid4 personality registered for level 4
[   14.132252] md: raid10 personality registered for level 10
done.
Begin: Running /scripts/init-premount ... done.
Begin: Mounting root file system ... Begin: Running /scripts/local-top ... done.
Begin: Running /scripts/local-premount ... [   14.426798] Btrfs loaded
Scanning for Btrfs filesystems
done.
Warning: fsck not present, so skipping root file system
[   14.615587] EXT4-fs (sda1): mounted filesystem with ordered data mode. Opts: (null)
done.
Begin: Running /scripts/local-bottom ... done.
Begin: Running /scripts/init-bottom ... done.
[   15.331780] systemd[1]: systemd 229 running in system mode. (+PAM +AUDIT +SELINUX +IMA +APPARMOR +SMACK +SYSVINIT +UTMP +LIBCRYPTSETUP +GCRYPT +GNUTLS +ACL +XZ -LZ4 +SECCOMP +BLKID +ELFUTILS +KMOD -IDN)
[   15.399789] systemd[1]: Detected virtualization oracle.
[   15.424919] systemd[1]: Detected architecture x86-64.

Welcome to [1mUbuntu 16.04.7 LTS[0m!

[   15.474814] systemd[1]: Set hostname to <ubuntu>.
[   15.507269] systemd[1]: Initializing machine ID from random generator.
[   15.531530] systemd[1]: Installed transient /etc/machine-id file.
[   16.309731] systemd[1]: Created slice System Slice.
[[0;32m  OK  [0m] Created slice System Slice.
[   16.342052] systemd[1]: Listening on Syslog Socket.
[[0;32m  OK  [0m] Listening on Syslog Socket.
[   16.381643] systemd[1]: Listening on Journal Socket.
[[0;32m  OK  [0m] Listening on Journal Socket.
[   16.437525] systemd[1]: Mounting POSIX Message Queue File System...
[   16.443563] random: nonblocking pool is initialized
         Mounting POSIX Message Queue File System...
[   16.494158] systemd[1]: Listening on /dev/initctl Compatibility Named Pipe.
[[0;32m  OK  [0m] Listening on /dev/initctl Compatibility Named Pipe.
[   16.539426] systemd[1]: Created slice system-serial\x2dgetty.slice.
[[0;32m  OK  [0m] Created slice system-serial\x2dgetty.slice.
[   16.592712] systemd[1]: Mounting Debug File System...
         Mounting Debug File System...
[   16.625553] systemd[1]: Starting Nameserver information manager...
         Starting Nameserver information manager...
[   16.665199] systemd[1]: Reached target Encrypted Volumes.
[[0;32m  OK  [0m] Reached target Encrypted Volumes.
[   16.698035] systemd[1]: Reached target User and Group Name Lookups.
[[0;32m  OK  [0m] Reached target User and Group Name Lookups.
[   16.742099] systemd[1]: Listening on Device-mapper event daemon FIFOs.
[[0;32m  OK  [0m] Listening on Device-mapper event daemon FIFOs.
[   16.778925] systemd[1]: Listening on LVM2 metadata daemon socket.
[[0;32m  OK  [0m] Listening on LVM2 metadata daemon socket.
[   16.828980] systemd[1]: Starting Create list of required static device nodes for the current kernel...
         Starting Create list of required st... nodes for the current kernel...
[   16.870174] systemd[1]: Starting Monitoring of LVM2 mirrors, snapshots etc. using dmeventd or progress polling...
         Starting Monitoring of LVM2 mirrors... dmeventd or progress polling...
[   16.922386] systemd[1]: Listening on fsck to fsckd communication Socket.
[[0;32m  OK  [0m] Listening on fsck to fsckd communication Socket.
[   16.960457] systemd[1]: Reached target Swap.
[[0;32m  OK  [0m] Reached target Swap.
[   16.986694] systemd[1]: Set up automount Arbitrary Executable File Formats File System Automount Point.
[[0;32m  OK  [0m] Set up automount Arbitrary Executab...ats File System Automount Point.
[   17.043862] systemd[1]: Started Trigger resolvconf update for networkd DNS.
[[0;32m  OK  [0m] Started Trigger resolvconf update for networkd DNS.
[   17.102467] systemd[1]: Starting Uncomplicated firewall...
         Starting Uncomplicated firewall...
[   17.140123] systemd[1]: Created slice User and Session Slice.
[[0;32m  OK  [0m] Created slice User and Session Slice.
[   17.175862] systemd[1]: Reached target Slices.
[[0;32m  OK  [0m] Reached target Slices.
[   17.218317] systemd[1]: Started Forward Password Requests to Wall Directory Watch.
[[0;32m  OK  [0m] Started Forward Password Requests to Wall Directory Watch.
[   17.278395] systemd[1]: Mounting Huge Pages File System...
         Mounting Huge Pages File System...
[   17.322364] systemd[1]: Starting Load Kernel Modules...
         Starting Load Kernel Modules...
[   17.359105] systemd[1]: Listening on LVM2 poll daemon socket.
[[0;32m  OK  [0m] Listening on LVM2 poll daemon socket.
[   17.390624] systemd[1]: Listening on udev Kernel Socket.
[   17.418269] Loading iSCSI transport class v2.0-870.
[[0;32m  OK  [0m] Listening on udev Kernel Socket.
[   17.448329] systemd[1]: Listening on Journal Socket (/dev/log).
[[0;32m  OK  [0m] Listening on Journal Socket (/dev/log).
[   17.515966] systemd[1]: Starting File System Check on Root Device...
[   17.545405] iscsi: registered transport (tcp)
         Starting File System Check on Root Device...
[   17.608022] systemd[1]: Starting Set console keymap...
         Starting Set console keymap...
[   17.662556] systemd[1]: Listening on udev Control Socket.
[[0;32m  OK  [0m] Listening on udev Control Socket.
[   17.734688] systemd[1]: Listening on Journal Audit Socket.
[[0;32m  OK  [0m] Listening on Journal Audit Socket.
[   17.793369] systemd[1]: Starting Journal Service...
         Starting Journal Service...
[   17.853063] systemd[1]: Reached target System Time Synchronized.
[[0;32m  OK  [0m] Reached target System Time Synchronized.
[   17.930123] systemd[1]: Mounted Huge Pages File System.
[[0;32m  OK  [0m] Mounted Huge Pages File System.
[   17.978900] systemd[1]: Mounted POSIX Message Queue File System.
[[0;32m  OK  [0m] Mounted POSIX Message Queue File System.
[   18.019389] systemd[1]: Mounted Debug File System.
[   18.042851] iscsi: registered transport (iser)
[[0;32m  OK  [0m] Mounted Debug File System.
[   18.074184] systemd[1]: Started Journal Service.
[[0;32m  OK  [0m] Started Journal Service.
[[0;32m  OK  [0m] Started Create list of required sta...ce nodes for the current kernel.
[[0;32m  OK  [0m] Started Uncomplicated firewall.
[[0;32m  OK  [0m] Started Load Kernel Modules.
[[0;32m  OK  [0m] Started File System Check on Root Device.
[[0;32m  OK  [0m] Started Set console keymap.
[[0;32m  OK  [0m] Started Nameserver information manager.
[[0;32m  OK  [0m] Started File System Check Daemon to report status.
[[0;32m  OK  [0m] Started LVM2 metadata daemon.
         Starting Remount Root and Kernel File Systems...
         Starting Apply Kernel Variables...
         Mounting FUSE Control File System...
[   18.385895] EXT4-fs (sda1): re-mounted. Opts: (null)
         Starting Create Static Device Nodes in /dev...
[[0;32m  OK  [0m] Mounted FUSE Control File System.
[[0;32m  OK  [0m] Started Remount Root and Kernel File Systems.
[[0;32m  OK  [0m] Started Apply Kernel Variables.
[[0;32m  OK  [0m] Started Create Static Device Nodes in /dev.
         Starting udev Kernel Device Manager...
         Starting udev Coldplug all Devices...
         Starting Load/Save Random Seed...
         Starting Flush Journal to Persistent Storage...
[[0;32m  OK  [0m] Started udev Kernel Device Manager.
[[0;32m  OK  [0m] Started Monitoring of LVM2 mirrors,...ng dmeventd or progress polling.
[[0;32m  OK  [0m] Started Load/Save Random Seed.
[[0;32m  OK  [0m] Reached target Local File Systems (Pre).
[[0;32m  OK  [0m] Reached target Local File Systems.
         Starting Commit a transient machine-id on disk...
         Starting Tell Plymouth To Write Out Runtime Data...
         Starting LSB: AppArmor initialization...
         Starting Initial cloud-init job (pre-networking)...
         Starting Set console font and keymap...
[[0;32m  OK  [0m] Started udev Coldplug all Devices.
[[0;32m  OK  [0m] Started Commit a transient machine-id on disk.
[[0;32m  OK  [0m] Started Tell Plymouth To Write Out Runtime Data.
[[0;32m  OK  [0m] Started Flush Journal to Persistent Storage.
[[0;32m  OK  [0m] Found device /dev/ttyS0.
         Starting Create Volatile Files and Directories...
[[0;32m  OK  [0m] Started Dispatch Password Requests to Console Directory Watch.
[[0;32m  OK  [0m] Started Create Volatile Files and Directories.
[[0;32m  OK  [0m] Listening on Load/Save RF Kill Switch Status /dev/rfkill Watch.
         Starting Update UTMP about System Boot/Shutdown...
[[0;32m  OK  [0m] Started Update UTMP about System Boot/Shutdown.
[[0;32m  OK  [0m] Started LSB: AppArmor initialization.
         Starting Load AppArmor profiles managed internally by snapd...
[[0;32m  OK  [0m] [   25.697601] cloud-init[490]: Cloud-init v. 21.1-19-gbad84ad4-0ubuntu1~16.04.2 running 'init-local' at Thu, 09 Feb 2023 14:44:51 +0000. Up 24.70 seconds.
Started Load AppArmor profiles managed internally by snapd.
[[0;32m  OK  [0m] Started Initial cloud-init job (pre-networking).
[[0;32m  OK  [0m] Reached target Network (Pre).
         Starting Raise network interfaces...
[[0;32m  OK  [0m] Started Set console font and keymap.
[[0;32m  OK  [0m] Created slice system-getty.slice.
[[0;32m  OK  [0m] Started Raise network interfaces.
[[0;32m  OK  [0m] Reached target Network.
         Starting Initial cloud-init job (metadata service crawler)...
[   30.102975] cloud-init[943]: Cloud-init v. 21.1-19-gbad84ad4-0ubuntu1~16.04.2 running 'init' at Thu, 09 Feb 2023 14:44:55 +0000. Up 28.80 seconds.
[   30.123391] cloud-init[943]: ci-info: ++++++++++++++++++++++++++++++++++++++Net device info+++++++++++++++++++++++++++++++++++++++
[   30.141594] cloud-init[943]: ci-info: +--------+-------+----------------------------+---------------+--------+-------------------+
[   30.159678] cloud-init[943]: ci-info: | Device |   Up  |          Address           |      Mask     | Scope  |     Hw-Address    |
[   30.178763] cloud-init[943]: ci-info: +--------+-------+----------------------------+---------------+--------+-------------------+
[   30.197890] cloud-init[943]: ci-info: | enp0s3 |  True |         10.0.2.15          | 255.255.255.0 | global | 02:be:82:6b:cc:1d |
[   30.216888] cloud-init[943]: ci-info: | enp0s3 |  True | fe80::be:82ff:fe6b:cc1d/64 |       .       |  link  | 02:be:82:6b:cc:1d |
[   30.234926] cloud-init[943]: ci-info: | enp0s8 | False |             .              |       .       |   .    | 08:00:27:41:8e:91 |
[   30.254929] cloud-init[943]: ci-info: |   lo   |  True |         127.0.0.1          |   255.0.0.0   |  host  |         .         |
[   30.272167] cloud-init[943]: ci-info: |   lo   |  True |          ::1/128           |       .       |  host  |         .         |
[   30.290351] cloud-init[943]: ci-info: +--------+-------+----------------------------+---------------+--------+-------------------+
[   30.308692] cloud-init[943]: ci-info: +++++++++++++++++++++++++++Route IPv4 info++++++++++++++++++++++++++++
[   30.324470] cloud-init[943]: ci-info: +-------+-------------+----------+---------------+-----------+-------+
[   30.342706] cloud-init[943]: ci-info: | Route | Destination | Gateway  |    Genmask    | Interface | Flags |
[   30.360664] cloud-init[943]: ci-info: +-------+-------------+----------+---------------+-----------+-------+
[   30.378245] cloud-init[943]: ci-info: |   0   |   0.0.0.0   | 10.0.2.2 |    0.0.0.0    |   enp0s3  |   UG  |
[   30.397907] cloud-init[943]: ci-info: |   1   |   10.0.2.0  | 0.0.0.0  | 255.255.255.0 |   enp0s3  |   U   |
[[0;32m  OK  [0m] Started Initial cloud-init job (metadata service crawler).
[[0;32m  OK  [0m] Reached target System Initialization.
[[0;32m  OK  [0m] Listening on ACPID Listen Socket.
[   30.419425] cloud-init[943]: ci-info: +-------+-------------+----------+---------------+-----------+-------+
[   30.473011] cloud-init[943]: ci-info: +++++++++++++++++++Route IPv6 info+++++++++++++++++++
[   30.477600] cloud-init[943]: ci-info: +-------+-------------+---------+-----------+-------+
[   30.478006] cloud-init[943]: ci-info: | Route | Destination | Gateway | Interface | Flags |
[   30.482208] cloud-init[943]: ci-info: +-------+-------------+---------+-----------+-------+
[[0;32m  OK  [0m] Started ACPI Events Check.
[   30.486460] cloud-init[943]: ci-info: |   0   |  fe80::/64  |    ::   |   enp0s3  |   U   |
[   30.521778] cloud-init[943]: ci-info: |   3   |   ff00::/8  |    ::   |   enp0s3  |   U   |
[   30.521870] cloud-init[943]: ci-info: +-------+-------------+---------+-----------+-------+
[   30.522967] cloud-init[943]: Generating public/private rsa key pair.
[   30.523006] cloud-init[943]: Your identification has been saved in /etc/ssh/ssh_host_rsa_key.
[   30.523039] cloud-init[943]: Your public key has been saved in /etc/ssh/ssh_host_rsa_key.pub.
[   30.523069] cloud-init[943]: The key fingerprint is:
[   30.523103] cloud-init[943]: SHA256:7HuKkHEViTZUXWWiJTV5UfoXD0/23g+NzlW0aEkvtfs root@ubuntu-xenial
[   30.523138] cloud-init[943]: The key's randomart image is:
[   30.526633] cloud-init[943]: +---[RSA 2048]----+
[   30.527318] cloud-init[943]: |     ..ooo.o*o+o.|
[   30.530978] cloud-init[943]: |      + ...+.+.. |
[   30.533611] cloud-init[943]: |     . .. .  ooo+|
[   30.534778] cloud-init[943]: |       o    . =B*|
[   30.538159] cloud-init[943]: |    . . S    = +B|
[   30.539800] cloud-init[943]: |     + .    . .+=|
[   30.543363] cloud-init[943]: |    o   .     o.=|
[   30.548059] cloud-init[943]: |     . . ..  o oo|
[   30.551907] cloud-init[943]: |      . oo    o E|
[   30.555249] cloud-init[943]: +----[SHA256]-----+
[   30.558784] cloud-init[943]: Generating public/private dsa key pair.
[   30.562372] cloud-init[943]: Your identification has been saved in /etc/ssh/ssh_host_dsa_key.
[   30.563985] cloud-init[943]: Your public key has been saved in /etc/ssh/ssh_host_dsa_key.pub.
[   30.567365] cloud-init[943]: The key fingerprint is:
[   30.568061] cloud-init[943]: SHA256:W63QKXYV20pkxfujMPdotwJedcmq7/9iDg99PijEqQo root@ubuntu-xenial
[   30.569978] cloud-init[943]: The key's randomart image is:
[   30.571233] cloud-init[943]: +---[DSA 1024]----+
[   30.573575] cloud-init[943]: |            +o.  |
[   30.574878] cloud-init[943]: |           o +.  |
[   30.576162] cloud-init[943]: |            + o..|
[   30.577745] cloud-init[943]: |         . = ..+.|
[   30.577807] cloud-init[943]: |        S * + o..|
[   30.577862] cloud-init[943]: |       . * O = ..|
[   30.577918] cloud-init[943]: |     E  . = X * o|
[   30.579275] cloud-init[943]: |      .  . + Xo* |
[   30.581877] cloud-init[943]: |       ..   ==*+*|
[   30.583152] cloud-init[943]: +----[SHA256]-----+
[   30.586168] cloud-init[943]: Generating public/private ecdsa key pair.
[   30.587426] cloud-init[943]: Your identification has been saved in /etc/ssh/ssh_host_ecdsa_key.
[   30.590061] cloud-init[943]: Your public key has been saved in /etc/ssh/ssh_host_ecdsa_key.pub.
[   30.591274] cloud-init[943]: The key fingerprint is:
[   30.593856] cloud-init[943]: SHA256:A6qy1guemYVXdw0tPnXoiel8lQ8FccxeLY2KpNCKYug root@ubuntu-xenial
[   30.595013] cloud-init[943]: The key's randomart image is:
[   30.597600] cloud-init[943]: +---[ECDSA 256]---+
[   30.597665] cloud-init[943]: |       .     o++.|
[   30.597724] cloud-init[943]: |      . . o . =o+|
[   30.597795] cloud-init[943]: | .   ..o = = o.o.|
[   30.597855] cloud-init[943]: |. o ....o X + o. |
[   30.597909] cloud-init[943]: |.. ... .S* + +   |
[   30.597966] cloud-init[943]: | E... . +.. . o  |
[   30.598020] cloud-init[943]: |.ooo     o .   . |
[   30.598076] cloud-init[943]: |.+B.      .      |
[   30.598131] cloud-init[943]: |o= ..            |
[   30.598184] cloud-init[943]: +----[SHA256]-----+
[   30.598240] cloud-init[943]: Generating public/private ed25519 key pair.
[   30.599609] cloud-init[943]: Your identification has been saved in /etc/ssh/ssh_host_ed25519_key.
[   30.602314] cloud-init[943]: Your public key has been saved in /etc/ssh/ssh_host_ed25519_key.pub.
[   30.603577] cloud-init[943]: The key fingerprint is:
[   30.606493] cloud-init[943]: SHA256:h1Rj2BVEQU1Ztjro59ePDB5KT3K6gH+3KB7GyivckSQ root@ubuntu-xenial
[   30.607743] cloud-init[943]: The key's randomart image is:
[   30.610143] cloud-init[943]: +--[ED25519 256]--+
[   30.610297] cloud-init[943]: |         o+=B=.oo|
[   30.610332] cloud-init[943]: |        .o..  o..|
[   30.610584] cloud-init[943]: |        .      . |
[   30.611915] cloud-init[943]: |    E .. .  . .  |
[   30.613814] cloud-init[943]: |     o .S .. o   |
[   30.613876] cloud-init[943]: |      oo ..   .  |
[   30.613950] cloud-init[943]: |   . ...= o.=.  .|
[   30.615136] cloud-init[943]: |    o..+.+.X++ o.|
[   30.616248] cloud-init[943]: |     .+ooo=o+o+ o|
[   30.616536] cloud-init[943]: +----[SHA256]-----+
[[0;32m  OK  [0m] Reached target Paths.
[[0;32m  OK  [0m] Listening on UUID daemon activation socket.
[[0;32m  OK  [0m] Started Message of the Day.
[[0;32m  OK  [0m] Listening on D-Bus System Message Bus Socket.
         Starting LXD - unix socket.
[[0;32m  OK  [0m] Started Daily apt download activities.
[[0;32m  OK  [0m] Started Daily apt upgrade and clean activities.
         Starting Socket activation for snappy daemon.
[[0;32m  OK  [0m] Started Ubuntu Advantage update messaging.
[[0;32m  OK  [0m] Started Daily Cleanup of Temporary Directories.
[[0;32m  OK  [0m] Reached target Timers.
[[0;32m  OK  [0m] Reached target Network is Online.
         Starting iSCSI initiator daemon (iscsid)...
[[0;32m  OK  [0m] Reached target Cloud-config availability.
[[0;32m  OK  [0m] Listening on LXD - unix socket.
[[0;32m  OK  [0m] Listening on Socket activation for snappy daemon.
[[0;32m  OK  [0m] Reached target Sockets.
[[0;32m  OK  [0m] Reached target Basic System.
[[0;32m  OK  [0m] Started ACPI event daemon.
         Starting Login Service...
[[0;32m  OK  [0m] Started FUSE filesystem for LXC.
         Starting LSB: Record successful boot for GRUB...
         Starting Pollinate to seed the pseudo random number generator...
         Starting /etc/rc.local Compatibility...
         Starting Virtualbox guest utils...
         Starting LXD - container startup/shutdown...
[[0;32m  OK  [0m] Started D-Bus System Message Bus.
[[0;32m  OK  [0m] Started Deferred execution scheduler.
         Starting Accounts Service...
         Starting System Logging Service...
         Starting LSB: MD monitoring daemon...
         Starting Snap Daemon...
[[0;32m  OK  [0m] Started Regular background program processing daemon.
[[0;32m  OK  [0m] Started iSCSI initiator daemon (iscsid).
[[0;32m  OK  [0m] Started /etc/rc.local Compatibility.
         Starting Login to default iSCSI targets...
[[0;32m  OK  [0m] Started System Logging Service.
[[0;32m  OK  [0m] Started Login Service.
[[0;32m  OK  [0m] Started Unattended Upgrades Shutdown.
[[0;32m  OK  [0m] Started LSB: Record successful boot for GRUB.
[[0;32m  OK  [0m] Started Login to default iSCSI targets.
[[0;32m  OK  [0m] Reached target Remote File Systems (Pre).
[[0;32m  OK  [0m] Reached target Remote File Systems.
         Starting LSB: Set the CPU Frequency Scaling governor to "ondemand"...
         Starting Permit User Sessions...
         Starting LSB: automatic crash report generation...
         Starting LSB: daemon to balance interrupts for SMP systems...
         Starting Authenticate and Authorize Users to Run Privileged Tasks...
[[0;32m  OK  [0m] Started Pollinate to seed the pseudo random number generator.
[[0;32m  OK  [0m] Started LXD - container startup/shutdown.
[[0;32m  OK  [0m] Started LSB: MD monitoring daemon.
[[0;32m  OK  [0m] Started Permit User Sessions.
         Starting Hold until boot process finishes up...
         Starting Terminate Plymouth Boot Screen...
         Starting OpenBSD Secure Shell server...
[[0;32m  OK  [0m] Started Virtualbox guest utils.
[[0;32m  OK  [0m] Started LSB: Set the CPU Frequency Scaling governor to "ondemand".
[[0;32m  OK  [0m] Started Hold until boot process finishes up.
[[0;32m  OK  [0m] Started Terminate Plymouth Boot Screen.
[[0;32m  OK  [0m] Started Getty on tty1.
[[0;32m  OK  [0m] Started Serial Getty on ttyS0.
[[0;32m  OK  [0m] Reached target Login Prompts.
         Starting Set console scheme...
[[0;32m  OK  [0m] Started LSB: automatic crash report generation.
[[0;32m  OK  [0m] Started LSB: daemon to balance interrupts for SMP systems.
[[0;32m  OK  [0m] Started Set console scheme.
[[0;32m  OK  [0m] Started Authenticate and Authorize Users to Run Privileged Tasks.
[[0;32m  OK  [0m] Started Accounts Service.
[[0;32m  OK  [0m] Started OpenBSD Secure Shell server.
[[0;32m  OK  [0m] Started Snap Daemon.
         Starting Wait until snapd is fully seeded...
[[0;32m  OK  [0m] Created slice User Slice of vagrant.
         Starting User Manager for UID 1000...
[[0;32m  OK  [0m] Started Session 1 of user vagrant.
[[0;32m  OK  [0m] Started User Manager for UID 1000.
[[0;32m  OK  [0m] Started Wait until snapd is fully seeded.
         Starting Apply the settings specified in cloud-config...
[[0;32m  OK  [0m] Reached target Multi-User System.
[[0;32m  OK  [0m] Reached target Graphical Interface.
         Starting Update UTMP about System Runlevel Changes...
[[0;32m  OK  [0m] Started Update UTMP about System Runlevel Changes.
[   38.364765] cloud-init[1360]: Generating locales (this might take a while)...

Ubuntu 16.04.7 LTS ubuntu-xenial ttyS0

ubuntu-xenial login: [   42.319688] cloud-init[1360]:   en_US.UTF-8... done
[   42.340120] cloud-init[1360]: Generation complete.
[   43.550914] cloud-init[1360]: Cloud-init v. 21.1-19-gbad84ad4-0ubuntu1~16.04.2 running 'modules:config' at Thu, 09 Feb 2023 14:45:05 +0000. Up 37.91 seconds.
ci-info: no authorized SSH keys fingerprints found for user ubuntu.
<14>Feb  9 14:45:11 ec2: 
<14>Feb  9 14:45:11 ec2: #############################################################
<14>Feb  9 14:45:11 ec2: -----BEGIN SSH HOST KEY FINGERPRINTS-----
<14>Feb  9 14:45:11 ec2: 1024 SHA256:W63QKXYV20pkxfujMPdotwJedcmq7/9iDg99PijEqQo root@ubuntu-xenial (DSA)
<14>Feb  9 14:45:11 ec2: 256 SHA256:A6qy1guemYVXdw0tPnXoiel8lQ8FccxeLY2KpNCKYug root@ubuntu-xenial (ECDSA)
<14>Feb  9 14:45:11 ec2: 256 SHA256:h1Rj2BVEQU1Ztjro59ePDB5KT3K6gH+3KB7GyivckSQ root@ubuntu-xenial (ED25519)
<14>Feb  9 14:45:11 ec2: 2048 SHA256:7HuKkHEViTZUXWWiJTV5UfoXD0/23g+NzlW0aEkvtfs root@ubuntu-xenial (RSA)
<14>Feb  9 14:45:11 ec2: -----END SSH HOST KEY FINGERPRINTS-----
<14>Feb  9 14:45:11 ec2: #############################################################
-----BEGIN SSH HOST KEY KEYS-----
ecdsa-sha2-nistp256 AAAAE2VjZHNhLXNoYTItbmlzdHAyNTYAAAAIbmlzdHAyNTYAAABBBMQlQK3fGiMaYpDxDZ7vZ1Bcu/QM/UUo//bn5dVpHrFfzBvAfka5ijijLc9YysMO22sexCm2uqLf8OVwuHJdPwc= root@ubuntu-xenial
ssh-ed25519 AAAAC3NzaC1lZDI1NTE5AAAAIL9Zkp3sAxlQQ6+sb3/tRMNJ889uOKuzH/FO4/Y33w2g root@ubuntu-xenial
ssh-rsa AAAAB3NzaC1yc2EAAAADAQABAAABAQC/J8DWhS7BihZF3p6gII9ZsGXSmo6Rl4xc1/xctwsYdBlf8wM+2DOdJgdZBqVqVsvA9pS4V0X7qAbYjCO39Bjlq+9HwCcQbSLSg/YP8KTRxv58mAcgg7SXIIAa3eYS7nVKz/Q/dVg22CqcINRWCuP5Np49nxwrpqQc7lIQdP1DpsWjR6x+AGzk+IIf0QgkOeAjKlzyDixT8DlqeHo2/9lQ4lN0iMnbbyMP9jmjJ8S8XegzZyeRDWCZSDaCs4ip0oMDGRnpPVRilWBQHMI99ka/QiA53zoCRUehnifDHwF1x0ScBy/jlfJvep0d5gWECJVuBu3msYVLYLNOxc2d2gEr root@ubuntu-xenial
-----END SSH HOST KEY KEYS-----
[   44.782957] cloud-init[1556]: Cloud-init v. 21.1-19-gbad84ad4-0ubuntu1~16.04.2 running 'modules:final' at Thu, 09 Feb 2023 14:45:11 +0000. Up 44.22 seconds.
[   44.817594] cloud-init[1556]: ci-info: no authorized SSH keys fingerprints found for user ubuntu.
[   44.853254] cloud-init[1556]: Cloud-init v. 21.1-19-gbad84ad4-0ubuntu1~16.04.2 finished at Thu, 09 Feb 2023 14:45:11 +0000. Datasource DataSourceNoCloud [seed=/dev/sdb][dsmode=net].  Up 44.63 seconds
         Stopping Session 5 of user vagrant.
[[0;32m  OK  [0m] Stopped target Timers.
[[0;32m  OK  [0m] Stopped Daily apt upgrade and clean activities.
[[0;32m  OK  [0m] Closed Load/Save RF Kill Switch Status /dev/rfkill Watch.
[[0;32m  OK  [0m] Stopped Message of the Day.
         Stopping User Manager for UID 1000...
[[0;32m  OK  [0m] Stopped Ubuntu Advantage update messaging.
[[0;32m  OK  [0m] Stopped target Graphical Interface.
         Stopping Accounts Service...
         Stopping ACPI event daemon...
[[0;32m  OK  [0m] Stopped target Cloud-init target.
[[0;32m  OK  [0m] Stopped Execute cloud user/final scripts.
[[0;32m  OK  [0m] Stopped target Multi-User System.
         Stopping Regular background program processing daemon...
         Stopping LSB: Set the CPU Frequency Scaling governor to "ondemand"...
[[0;32m  OK  [0m] Stopped target Login Prompts.
         Stopping Getty on tty1...
         Stopping Serial Getty on ttyS0...
         Stopping FUSE filesystem for LXC...
         Stopping LXD - container startup/shutdown...
         Stopping OpenBSD Secure Shell server...
         Stopping Deferred execution scheduler...
         Stopping D-Bus System Message Bus...
         Stopping System Logging Service...
         Stopping LSB: automatic crash report generation...
         Stopping Session 3 of user vagrant.
         Stopping Authenticate and Authorize Users to Run Privileged Tasks...
[[0;32m  OK  [0m] Stopped Daily apt download activities.
[[0;32m  OK  [0m] Stopped target System Time Synchronized.
         Stopping LSB: MD monitoring daemon...
[[0;32m  OK  [0m] Stopped Apply the settings specified in cloud-config.
[[0;32m  OK  [0m] Stopped Wait until snapd is fully seeded.
[[0;32m  OK  [0m] Stopped target Cloud-config availability.
         Stopping LSB: Record successful boot for GRUB...
         Stopping LSB: daemon to balance interrupts for SMP systems...
[[0;32m  OK  [0m] Stopped Daily Cleanup of Temporary Directories.
         Stopping Virtualbox guest utils...
[[0;32m  OK  [0m] Unmounted /var/lib/lxcfs.
[[0;32m  OK  [0m] Stopped ACPI event daemon.
[[0;32m  OK  [0m] Stopped Deferred execution scheduler.
[[0;32m  OK  [0m] Stopped Accounts Service.
[[0;32m  OK  [0m] Stopped System Logging Service.
[[0;32m  OK  [0m] Stopped Regular background program processing daemon.
[[0;32m  OK  [0m] Stopped Authenticate and Authorize Users to Run Privileged Tasks.
[[0;32m  OK  [0m] Stopped Getty on tty1.
[[0;32m  OK  [0m] Stopped Serial Getty on ttyS0.
[[0;32m  OK  [0m] Stopped OpenBSD Secure Shell server.
[[0;32m  OK  [0m] Stopped User Manager for UID 1000.
[[0;32m  OK  [0m] Stopped Session 5 of user vagrant.
[[0;32m  OK  [0m] Stopped D-Bus System Message Bus.
[[0;32m  OK  [0m] Stopped FUSE filesystem for LXC.
[[0;32m  OK  [0m] Stopped LXD - container startup/shutdown.
[[0;32m  OK  [0m] Stopped LSB: Set the CPU Frequency Scaling governor to "ondemand".
[[0;32m  OK  [0m] Stopped LSB: Record successful boot for GRUB.
[[0;32m  OK  [0m] Stopped LSB: MD monitoring daemon.
[[0;32m  OK  [0m] Stopped LSB: automatic crash report generation.
[[0;32m  OK  [0m] Stopped LSB: daemon to balance interrupts for SMP systems.
[[0;32m  OK  [0m] Stopped Virtualbox guest utils.
[[0;32m  OK  [0m] Stopped Session 3 of user vagrant.
[[0;32m  OK  [0m] Removed slice User Slice of vagrant.
         Stopping Login Service...
[[0;32m  OK  [0m] Removed slice system-serial\x2dgetty.slice.
[[0;32m  OK  [0m] Removed slice system-getty.slice.
         Stopping Permit User Sessions...
[[0;32m  OK  [0m] Stopped /etc/rc.local Compatibility.
[[0;32m  OK  [0m] Stopped Permit User Sessions.
[[0;32m  OK  [0m] Stopped Login Service.
[[0;32m  OK  [0m] Stopped target Remote File Systems.
[[0;32m  OK  [0m] Stopped target Remote File Systems (Pre).
         Stopping Login to default iSCSI targets...
[[0;32m  OK  [0m] Stopped target User and Group Name Lookups.
[[0;32m  OK  [0m] Stopped target Basic System.
[[0;32m  OK  [0m] Stopped target Paths.
[[0;32m  OK  [0m] Stopped Dispatch Password Requests to Console Directory Watch.
[[0;32m  OK  [0m] Stopped Forward Password Requests to Wall Directory Watch.
[[0;32m  OK  [0m] Stopped ACPI Events Check.
[[0;32m  OK  [0m] Stopped target Sockets.
[[0;32m  OK  [0m] Closed UUID daemon activation socket.
[[0;32m  OK  [0m] Closed LXD - unix socket.
[[0;32m  OK  [0m] Closed Syslog Socket.
[[0;32m  OK  [0m] Closed ACPID Listen Socket.
[[0;32m  OK  [0m] Closed D-Bus System Message Bus Socket.
[[0;32m  OK  [0m] Closed Socket activation for snappy daemon.
[[0;32m  OK  [0m] Stopped target System Initialization.
[[0;32m  OK  [0m] Stopped Commit a transient machine-id on disk.
[[0;32m  OK  [0m] Stopped target Swap.
         Stopping Update UTMP about System Boot/Shutdown...
[[0;32m  OK  [0m] Stopped target Encrypted Volumes.
         Stopping Load/Save Random Seed...
[[0;32m  OK  [0m] Stopped target Slices.
[[0;32m  OK  [0m] Removed slice User and Session Slice.
[[0;32m  OK  [0m] Stopped Load/Save Random Seed.
[[0;32m  OK  [0m] Stopped Update UTMP about System Boot/Shutdown.
[[0;32m  OK  [0m] Stopped Create Volatile Files and Directories.
[[0;32m  OK  [0m] Stopped Login to default iSCSI targets.
         Stopping iSCSI initiator daemon (iscsid)...
[[0;32m  OK  [0m] Stopped iSCSI initiator daemon (iscsid).
[[0;32m  OK  [0m] Stopped target Network is Online.
[[0;32m  OK  [0m] Stopped target Network.
[[0;32m  OK  [0m] Stopped Initial cloud-init job (metadata service crawler).
         Stopping Raise network interfaces...
[[0;32m  OK  [0m] Stopped Raise network interfaces.
[[0;32m  OK  [0m] Stopped target Network (Pre).
[[0;32m  OK  [0m] Stopped Initial cloud-init job (pre-networking).
[[0;32m  OK  [0m] Stopped Apply Kernel Variables.
[[0;32m  OK  [0m] Stopped target Local File Systems.
         Unmounting /run/user/1000...
[[0;32m  OK  [0m] Stopped Load Kernel Modules.
[[0;32m  OK  [0m] Unmounted /run/user/1000.
[[0;32m  OK  [0m] Reached target Unmount All Filesystems.
[[0;32m  OK  [0m] Stopped target Local File Systems (Pre).
[[0;32m  OK  [0m] Stopped Remount Root and Kernel File Systems.
[[0;32m  OK  [0m] Stopped Create Static Device Nodes in /dev.
[[0;32m  OK  [0m] Reached target Shutdown.
[  967.589426] reboot: Power down
